[2013-01-31 16:30:45] START
[2013-01-31 16:31:45] CREATE dogowner.py: 0
[2013-01-31 16:33:57] EDIT dogowners/models/dogowner.py: 7
[2013-01-31 16:34:15] EDIT dogowners/models/dogowner.py: 0
[2013-01-31 16:35:28] EDIT dogowners/models/dogowner.py: 0
[2013-01-31 16:35:46] EDIT dogowners/models/dogowner.py: 0
[2013-01-31 16:36:40] EDIT dogowners/models/dogowner.py: 0
[2013-01-31 16:37:12] EDIT dogowners/models/dogowner.py: 0
[2013-01-31 16:39:59] EDIT dogowners/models/dogowner.py: 2
[2013-01-31 16:40:21] EDIT dogowners/models/dogowner.py: -1
[2013-01-31 17:02:14] EDIT dogowners/models/dogowner.py: -1
[2013-01-31 17:04:57] EDIT dogowners/models/dogowner.py: 1
[2013-01-31 17:05:22] EDIT dogowners/models/dogowner.py: 0
[2013-01-31 18:35:39] EDIT dogowners/models/menu.py: 0
[2013-01-31 18:49:12] EDIT dogowners/models/menu.py: -24
[2013-01-31 19:03:54] EDIT dogowners/models/menu.py: 1
[2013-01-31 19:04:15] EDIT dogowners/models/menu.py: 0
[2013-01-31 19:06:04] EDIT dogowners/models/menu.py: 0
[2013-01-31 19:06:45] EDIT dogowners/models/menu.py: 0
[2013-01-31 19:10:10] EDIT dogowners/controllers/default.py: 1
[2013-02-02 09:29:15] EDIT playground/models/dogowner.py: 0
[2013-02-02 09:30:34] EDIT playground/controllers/default.py: 3
[2013-02-02 09:30:50] EDIT playground/controllers/default.py: 0
[2013-02-02 09:30:59] EDIT playground/controllers/default.py: 0
[2013-02-02 09:31:28] EDIT playground/controllers/default.py: 0
[2013-02-02 09:33:23] EDIT playground/controllers/default.py: 0
[2013-02-02 09:34:05] EDIT playground/controllers/default.py: 0
[2013-02-02 09:35:41] EDIT playground/models/dogowner.py: 1
[2013-02-02 09:37:24] EDIT playground/models/dogowner.py: 0
[2013-02-02 09:37:44] EDIT playground/models/dogowner.py: 0
[2013-02-02 09:41:28] EDIT playground/models/dogowner.py: 1
[2013-02-02 09:43:07] EDIT playground/models/dogowner.py: 1
[2013-02-02 09:49:10] EDIT playground/models/dogowner.py: 0
[2013-02-02 09:50:08] EDIT playground/controllers/default.py: 3
[2013-02-02 09:53:24] EDIT playground/models/dogowner.py: 0
[2013-02-02 13:25:16] EDIT playground/models/dogowner.py: 0
[2013-02-02 13:27:08] EDIT playground/models/dogowner.py: 0
[2013-02-02 13:27:27] EDIT playground/models/dogowner.py: 0
[2013-02-02 13:28:07] EDIT playground/models/dogowner.py: 0
[2013-02-02 14:08:35] EDIT playground/models/dogowner.py: 0
[2013-02-02 14:24:29] EDIT playground/controllers/default.py: 1
[2013-02-02 14:28:21] EDIT playground/controllers/default.py: 0
[2013-02-02 14:36:21] EDIT playground/controllers/default.py: 1
[2013-02-02 14:36:37] EDIT playground/controllers/default.py: 0
[2013-02-02 14:37:32] EDIT playground/controllers/default.py: 0
[2013-02-02 14:38:07] EDIT playground/controllers/default.py: 0
[2013-02-02 14:39:27] EDIT playground/controllers/default.py: 0
[2013-02-02 15:10:31] EDIT playground/controllers/default.py: 1
[2013-02-02 15:17:26] EDIT playground/controllers/default.py: -1
[2013-02-02 16:52:25] CREATE list_detail_form.py: 0
[2013-02-02 16:53:33] EDIT playground/controllers/list_detail_form.py: 11
[2013-02-02 16:55:58] EDIT playground/controllers/list_detail_form.py: 8
[2013-02-02 16:59:23] EDIT playground/controllers/list_detail_form.py: 12
[2013-02-02 17:01:34] EDIT playground/controllers/list_detail_form.py: 0
[2013-02-04 17:19:13] EDIT playground/models/dogowner.py: 1
[2013-02-04 17:20:09] EDIT playground/models/dogowner.py: -1
[2013-02-04 17:24:29] EDIT playground/models/dogowner.py: 0
